pnlAddPane();
nil
1
designOpen("d:\\non - windows files\\my academic books\\f. 3rd year 2nd sem\\ece132\\ece132.1\\comparator\\own op-amp as comp\\comparatortwostage without noise\\owntwostagecomp.sp");
"D0"
t
pnlAddCurve(1, node(D0,"A0","v(vinp)"), node(D0,"A0","TIME"));
nil
pnlAddCurve(1, node(D0,"A0","v(vout)"), node(D0,"A0","TIME"));
nil
pnlAddCurve(1, node(D0,"A0","v(vinm)"), node(D0,"A0","TIME"));
nil
pnlUnselectPane(1, 0);
nil
pnlSelectPane(1);
nil
Print("", "all", "multi", 0, "a4", "landscape", "color", "regular", 0);
t
pnlUnselectPane(1, 0);
nil
pnlSelectPane(1);
nil
quit();
exit
pnlDeletePane(1, 1);
nil
nil
