pnlAddPane();
nil
1
designOpen("c:\\jephmari files\\my academic files\\g. 3rd year summer term\\ece197\\simulations\\myungjun resimulation\\myungjungres.sp");
"D0"
t
pnlAddCurve(1, node(D0,"A0","v(vo)"), node(D0,"A0","DEG_C"));
nil
pnlAddCurve(1, node(D0,"A2","v(vo)"), node(D0,"A2","DEG_C"));
nil
pnlAddCurve(1, node(D0,"A4","v(vo)"), node(D0,"A4","DEG_C"));
nil
pnlAddCurve(1, node(D0,"A6","v(vo)"), node(D0,"A6","DEG_C"));
nil
pnlAddCurve(1, node(D0,"A8","v(vo)"), node(D0,"A8","DEG_C"));
nil
pnlUnselectPane(1, 0);
nil
pnlSelectPane(1);
nil
quit();
exit
pnlDeletePane(1, 1);
nil
nil
